<?xml version="1.0" encoding="UTF-8"?>
<!-- Generated by org.testng.reporters.JUnitReportReporter -->
<testsuite skipped="0" hostname="Rahuls-MacBook-Pro.local" name="testCases.VerifyUserIsAbleToAddItem" tests="1" failures="0" timestamp="2020-07-15T23:03:57 IST" time="7.977" errors="0">
  <testcase name="createAnItemSuccessfully" time="7.977" classname="testCases.VerifyUserIsAbleToAddItem"/>
  <system-out/>
</testsuite> <!-- testCases.VerifyUserIsAbleToAddItem -->
