<?xml version="1.0" encoding="UTF-8"?>
<!-- Generated by org.testng.reporters.JUnitReportReporter -->
<testsuite skipped="0" hostname="Rahuls-MacBook-Pro.local" name="testCases.TestCustomizeWebPage" tests="1" failures="0" timestamp="2020-07-05T11:36:59 IST" time="1.862" errors="0">
  <testcase name="verifyUserIsAbleToSelctRadioCheckBoxAndDropDownValue" time="1.862" classname="testCases.TestCustomizeWebPage"/>
  <system-out/>
</testsuite> <!-- testCases.TestCustomizeWebPage -->
